<?xml version="1.0" encoding="UTF-8" ?>
<testsuite tests="6" failures="0" name="com.blooster.kata.fizzbuzz.FizzBuzzTest" time="0.03" errors="0" skipped="0">
  <properties>
    <property name="idea.version" value="2020.3.2"/>
    <property name="java.runtime.name" value="OpenJDK Runtime Environment"/>
    <property name="java.vm.version" value="11.0.11+9-Ubuntu-0ubuntu2.20.04"/>
    <property name="sun.boot.library.path" value="/usr/lib/jvm/java-11-openjdk-amd64/lib"/>
    <property name="maven.multiModuleProjectDirectory" value="/home/clementcharpentier/workspace/clementcharpentier/fizzbuzz"/>
    <property name="java.vm.vendor" value="Ubuntu"/>
    <property name="java.vendor.url" value="https://ubuntu.com/"/>
    <property name="guice.disable.misplaced.annotation.check" value="true"/>
    <property name="path.separator" value=":"/>
    <property name="java.vm.name" value="OpenJDK 64-Bit Server VM"/>
    <property name="sun.os.patch.level" value="unknown"/>
    <property name="user.country" value="FR"/>
    <property name="sun.java.launcher" value="SUN_STANDARD"/>
    <property name="java.vm.specification.name" value="Java Virtual Machine Specification"/>
    <property name="user.dir" value="/home/clementcharpentier/workspace/clementcharpentier/fizzbuzz"/>
    <property name="java.vm.compressedOopsMode" value="Zero based"/>
    <property name="java.runtime.version" value="11.0.11+9-Ubuntu-0ubuntu2.20.04"/>
    <property name="java.awt.graphicsenv" value="sun.awt.X11GraphicsEnvironment"/>
    <property name="os.arch" value="amd64"/>
    <property name="java.io.tmpdir" value="/tmp"/>
    <property name="line.separator" value="
"/>
    <property name="java.vm.specification.vendor" value="Oracle Corporation"/>
    <property name="os.name" value="Linux"/>
    <property name="maven.ext.class.path" value="/home/clementcharpentier/.local/share/JetBrains/Toolbox/apps/IDEA-U/ch-0/203.7148.57/plugins/maven/lib/maven-event-listener.jar"/>
    <property name="classworlds.conf" value="/home/clementcharpentier/.local/share/JetBrains/Toolbox/apps/IDEA-U/ch-0/203.7148.57/plugins/maven/lib/maven3/bin/m2.conf"/>
    <property name="sun.jnu.encoding" value="UTF-8"/>
    <property name="java.library.path" value="/usr/java/packages/lib:/usr/lib/x86_64-linux-gnu/jni:/lib/x86_64-linux-gnu:/usr/lib/x86_64-linux-gnu:/usr/lib/jni:/lib:/usr/lib"/>
    <property name="maven.conf" value="/home/clementcharpentier/.local/share/JetBrains/Toolbox/apps/IDEA-U/ch-0/203.7148.57/plugins/maven/lib/maven3/conf"/>
    <property name="jdk.debug" value="release"/>
    <property name="java.class.version" value="55.0"/>
    <property name="java.specification.name" value="Java Platform API Specification"/>
    <property name="sun.management.compiler" value="HotSpot 64-Bit Tiered Compilers"/>
    <property name="os.version" value="5.4.0-80-generic"/>
    <property name="user.home" value="/home/clementcharpentier"/>
    <property name="user.timezone" value="Europe/Paris"/>
    <property name="java.awt.printerjob" value="sun.print.PSPrinterJob"/>
    <property name="file.encoding" value="UTF-8"/>
    <property name="java.specification.version" value="11"/>
    <property name="user.name" value="clementcharpentier"/>
    <property name="java.class.path" value="/home/clementcharpentier/.local/share/JetBrains/Toolbox/apps/IDEA-U/ch-0/203.7148.57/plugins/maven/lib/maven3/boot/plexus-classworlds.license:/home/clementcharpentier/.local/share/JetBrains/Toolbox/apps/IDEA-U/ch-0/203.7148.57/plugins/maven/lib/maven3/boot/plexus-classworlds-2.6.0.jar"/>
    <property name="java.vm.specification.version" value="11"/>
    <property name="sun.arch.data.model" value="64"/>
    <property name="sun.java.command" value="org.codehaus.classworlds.Launcher -Didea.version=2020.3.2 test"/>
    <property name="java.home" value="/usr/lib/jvm/java-11-openjdk-amd64"/>
    <property name="user.language" value="fr"/>
    <property name="java.specification.vendor" value="Oracle Corporation"/>
    <property name="awt.toolkit" value="sun.awt.X11.XToolkit"/>
    <property name="java.vm.info" value="mixed mode, sharing"/>
    <property name="java.version" value="11.0.11"/>
    <property name="securerandom.source" value="file:/dev/./urandom"/>
    <property name="java.vendor" value="Ubuntu"/>
    <property name="maven.home" value="/home/clementcharpentier/.local/share/JetBrains/Toolbox/apps/IDEA-U/ch-0/203.7148.57/plugins/maven/lib/maven3"/>
    <property name="file.separator" value="/"/>
    <property name="java.version.date" value="2021-04-20"/>
    <property name="java.vendor.url.bug" value="https://bugs.launchpad.net/ubuntu/+source/openjdk-lts"/>
    <property name="sun.io.unicode.encoding" value="UnicodeLittle"/>
    <property name="sun.cpu.endian" value="little"/>
    <property name="sun.desktop" value="gnome"/>
    <property name="sun.cpu.isalist" value=""/>
  </properties>
  <testcase classname="com.blooster.kata.fizzbuzz.FizzBuzzTest" name="shouldPrintNormalNumber" time="0.03"/>
  <testcase classname="com.blooster.kata.fizzbuzz.FizzBuzzTest" name="shouldPrintFizzIfNumberDividedBy3" time="0"/>
  <testcase classname="com.blooster.kata.fizzbuzz.FizzBuzzTest" name="shouldPrintFizzIfNumberDividedBy5" time="0"/>
  <testcase classname="com.blooster.kata.fizzbuzz.FizzBuzzTest" name="shouldPrintBuzzIfNumberContains3" time="0"/>
  <testcase classname="com.blooster.kata.fizzbuzz.FizzBuzzTest" name="shouldPrintFizzBuzzIfNumberDividedBy3And5" time="0"/>
  <testcase classname="com.blooster.kata.fizzbuzz.FizzBuzzTest" name="shouldPrintFizzIfNumberContains5" time="0"/>
</testsuite>